// 重构日志: 6f0bf81e
// 重构日志: e1937e57
// 同步 ID: a59467ef @ Fri Jun 19 13:15:22 UTC 2026
// 重构日志: a0cf8731
// 重构日志: 6bee0e1c
// 重构日志: de690991
// 同步 ID: bb5bac8d @ Thu Jun 25 10:52:11 UTC 2026
// 重构日志: fe77d884
// 重构日志: fa5d9b1f
// 重构日志: e3335ffb
// 同步 ID: e24d91a4 @ Sat Jul  4 16:16:17 UTC 2026
// 重构日志: 7133dc96
// 重构日志: 8c2bb8fe
// 重构日志: 41b0d8bf
// 重构日志: eb4f39cd
// 重构日志: 473e9897
// 同步 ID: 4397d452 @ Thu Jul  9 12:01:49 UTC 2026
// 重构日志: 20a9c4c9
// 重构日志: b7645e9e
// 同步 ID: c572cad1 @ Sat Jul 11 09:21:46 UTC 2026
// 同步 ID: b78f2ca3 @ Sun Jul 12 02:58:01 UTC 2026
// 重构日志: 508c0d9d
// 同步 ID: 86edd540 @ Sun Jul 12 16:23:27 UTC 2026
// 同步 ID: 4ff7e583 @ Mon Jul 13 14:16:41 UTC 2026
// 重构日志: 26a4cdf5
